2024-06-18 11:44:29 [main] INFO  org.springframework.test.context.support.AnnotationConfigContextLoaderUtils - Could not detect default configuration classes for test class [dev.nick.itsecprojekt.controller.MyControllerTest]: MyControllerTest does not declare any static, non-private, non-final, nested classes annotated with @Configuration.
2024-06-18 11:44:29 [main] INFO  org.springframework.boot.test.context.SpringBootTestContextBootstrapper - Found @SpringBootConfiguration dev.nick.itsecprojekt.ItsecprojektApplication for test class dev.nick.itsecprojekt.controller.MyControllerTest
2024-06-18 11:44:29 [background-preinit] INFO  org.hibernate.validator.internal.util.Version - HV000001: Hibernate Validator 8.0.1.Final
2024-06-18 11:44:29 [main] INFO  dev.nick.itsecprojekt.controller.MyControllerTest - Starting MyControllerTest using Java 22.0.1 with PID 14568 (started by admin in /Users/admin/itsecprojekt)
2024-06-18 11:44:29 [main] INFO  dev.nick.itsecprojekt.controller.MyControllerTest - No active profile set, falling back to 1 default profile: "default"
2024-06-18 11:44:30 [main] INFO  org.springframework.data.repository.config.RepositoryConfigurationDelegate - Bootstrapping Spring Data JPA repositories in DEFAULT mode.
2024-06-18 11:44:30 [main] INFO  org.springframework.data.repository.config.RepositoryConfigurationDelegate - Finished Spring Data repository scanning in 23 ms. Found 1 JPA repository interface.
2024-06-18 11:44:31 [main] INFO  com.zaxxer.hikari.HikariDataSource - HikariPool-1 - Starting...
2024-06-18 11:44:31 [main] INFO  com.zaxxer.hikari.pool.HikariPool - HikariPool-1 - Added connection conn0: url=jdbc:h2:mem:868404cd-7140-4aef-be82-ed203a1224fd user=SA
2024-06-18 11:44:31 [main] INFO  com.zaxxer.hikari.HikariDataSource - HikariPool-1 - Start completed.
2024-06-18 11:44:31 [main] INFO  org.hibernate.jpa.internal.util.LogHelper - HHH000204: Processing PersistenceUnitInfo [name: default]
2024-06-18 11:44:31 [main] INFO  org.hibernate.Version - HHH000412: Hibernate ORM core version 6.5.2.Final
2024-06-18 11:44:31 [main] INFO  org.hibernate.cache.internal.RegionFactoryInitiator - HHH000026: Second-level cache disabled
2024-06-18 11:44:31 [main] INFO  org.springframework.orm.jpa.persistenceunit.SpringPersistenceUnitInfo - No LoadTimeWeaver setup: ignoring JPA class transformer
2024-06-18 11:44:31 [main] INFO  org.hibernate.engine.transaction.jta.platform.internal.JtaPlatformInitiator - HHH000489: No JTA platform available (set 'hibernate.transaction.jta.platform' to enable JTA platform integration)
2024-06-18 11:44:31 [main] INFO  org.springframework.orm.jpa.LocalContainerEntityManagerFactoryBean - Initialized JPA EntityManagerFactory for persistence unit 'default'
2024-06-18 11:44:31 [main] WARN  org.springframework.boot.autoconfigure.orm.jpa.JpaBaseConfiguration$JpaWebConfiguration - spring.jpa.open-in-view is enabled by default. Therefore, database queries may be performed during view rendering. Explicitly configure spring.jpa.open-in-view to disable this warning
2024-06-18 11:44:32 [main] INFO  org.springframework.security.config.annotation.authentication.configuration.InitializeAuthenticationProviderBeanManagerConfigurer$InitializeAuthenticationProviderManagerConfigurer - Global AuthenticationManager configured with AuthenticationProvider bean with name authenticationProvider
2024-06-18 11:44:32 [main] WARN  org.springframework.security.config.annotation.authentication.configuration.InitializeUserDetailsBeanManagerConfigurer$InitializeUserDetailsManagerConfigurer - Global AuthenticationManager configured with an AuthenticationProvider bean. UserDetailsService beans will not be used for username/password login. Consider removing the AuthenticationProvider bean. Alternatively, consider using the UserDetailsService in a manually instantiated DaoAuthenticationProvider.
2024-06-18 11:44:32 [main] INFO  org.springframework.security.web.DefaultSecurityFilterChain - Will secure any request with [org.springframework.security.web.session.DisableEncodeUrlFilter@5e8bc83e, org.springframework.security.web.context.request.async.WebAsyncManagerIntegrationFilter@6c75c5e8, org.springframework.security.web.context.SecurityContextHolderFilter@4917992b, org.springframework.security.web.header.HeaderWriterFilter@3453f79c, org.springframework.web.filter.CorsFilter@69374e28, org.springframework.security.web.csrf.CsrfFilter@2a045e85, org.springframework.security.web.authentication.logout.LogoutFilter@2e2546bf, org.springframework.security.web.authentication.UsernamePasswordAuthenticationFilter@788fa91f, org.springframework.security.web.authentication.ui.DefaultLoginPageGeneratingFilter@50331591, org.springframework.security.web.authentication.ui.DefaultLogoutPageGeneratingFilter@39c93af6, org.springframework.security.web.savedrequest.RequestCacheAwareFilter@1e9d6c78, org.springframework.security.web.servletapi.SecurityContextHolderAwareRequestFilter@52df6d0f, org.springframework.security.web.authentication.AnonymousAuthenticationFilter@3903cfc9, org.springframework.security.web.access.ExceptionTranslationFilter@4619854a, org.springframework.security.web.access.intercept.AuthorizationFilter@435e224d]
2024-06-18 11:44:32 [main] INFO  org.springframework.boot.test.mock.web.SpringBootMockServletContext - Initializing Spring TestDispatcherServlet ''
2024-06-18 11:44:32 [main] INFO  org.springframework.test.web.servlet.TestDispatcherServlet - Initializing Servlet ''
2024-06-18 11:44:32 [main] INFO  org.springframework.test.web.servlet.TestDispatcherServlet - Completed initialization in 1 ms
2024-06-18 11:44:32 [main] INFO  dev.nick.itsecprojekt.controller.MyControllerTest - Started MyControllerTest in 2.613 seconds (process running for 3.212)
2024-06-18 11:44:32 [main] ERROR dev.nick.itsecprojekt.controller.MyController - Error while creating new user
2024-06-18 11:44:32 [main] INFO  dev.nick.itsecprojekt.controller.MyController - User deleted successfully
2024-06-18 11:44:32 [main] WARN  dev.nick.itsecprojekt.controller.MyController - User t***t@example.com was deleted from database
2024-06-18 11:44:32 [main] INFO  dev.nick.itsecprojekt.controller.MyController - User deleted successfully
2024-06-18 11:44:32 [main] WARN  dev.nick.itsecprojekt.controller.MyController - User u***r@example.com was deleted from database
2024-06-18 11:44:32 [SpringApplicationShutdownHook] INFO  org.springframework.orm.jpa.LocalContainerEntityManagerFactoryBean - Closing JPA EntityManagerFactory for persistence unit 'default'
2024-06-18 11:44:32 [SpringApplicationShutdownHook] INFO  com.zaxxer.hikari.HikariDataSource - HikariPool-1 - Shutdown initiated...
2024-06-18 11:44:32 [SpringApplicationShutdownHook] INFO  com.zaxxer.hikari.HikariDataSource - HikariPool-1 - Shutdown completed.
2024-06-18 11:44:47 [main] INFO  org.springframework.test.context.support.AnnotationConfigContextLoaderUtils - Could not detect default configuration classes for test class [dev.nick.itsecprojekt.controller.MyControllerTest]: MyControllerTest does not declare any static, non-private, non-final, nested classes annotated with @Configuration.
2024-06-18 11:44:47 [main] INFO  org.springframework.boot.test.context.SpringBootTestContextBootstrapper - Found @SpringBootConfiguration dev.nick.itsecprojekt.ItsecprojektApplication for test class dev.nick.itsecprojekt.controller.MyControllerTest
2024-06-18 11:44:47 [background-preinit] INFO  org.hibernate.validator.internal.util.Version - HV000001: Hibernate Validator 8.0.1.Final
2024-06-18 11:44:47 [main] INFO  dev.nick.itsecprojekt.controller.MyControllerTest - Starting MyControllerTest using Java 22.0.1 with PID 14589 (started by admin in /Users/admin/itsecprojekt)
2024-06-18 11:44:47 [main] INFO  dev.nick.itsecprojekt.controller.MyControllerTest - No active profile set, falling back to 1 default profile: "default"
2024-06-18 11:44:47 [main] INFO  org.springframework.data.repository.config.RepositoryConfigurationDelegate - Bootstrapping Spring Data JPA repositories in DEFAULT mode.
2024-06-18 11:44:47 [main] INFO  org.springframework.data.repository.config.RepositoryConfigurationDelegate - Finished Spring Data repository scanning in 21 ms. Found 1 JPA repository interface.
2024-06-18 11:44:48 [main] INFO  com.zaxxer.hikari.HikariDataSource - HikariPool-1 - Starting...
2024-06-18 11:44:48 [main] INFO  com.zaxxer.hikari.pool.HikariPool - HikariPool-1 - Added connection conn0: url=jdbc:h2:mem:c5bc5039-1096-4be0-9523-153abc23df04 user=SA
2024-06-18 11:44:48 [main] INFO  com.zaxxer.hikari.HikariDataSource - HikariPool-1 - Start completed.
2024-06-18 11:44:48 [main] INFO  org.hibernate.jpa.internal.util.LogHelper - HHH000204: Processing PersistenceUnitInfo [name: default]
2024-06-18 11:44:48 [main] INFO  org.hibernate.Version - HHH000412: Hibernate ORM core version 6.5.2.Final
2024-06-18 11:44:48 [main] INFO  org.hibernate.cache.internal.RegionFactoryInitiator - HHH000026: Second-level cache disabled
2024-06-18 11:44:48 [main] INFO  org.springframework.orm.jpa.persistenceunit.SpringPersistenceUnitInfo - No LoadTimeWeaver setup: ignoring JPA class transformer
2024-06-18 11:44:49 [main] INFO  org.hibernate.engine.transaction.jta.platform.internal.JtaPlatformInitiator - HHH000489: No JTA platform available (set 'hibernate.transaction.jta.platform' to enable JTA platform integration)
2024-06-18 11:44:49 [main] INFO  org.springframework.orm.jpa.LocalContainerEntityManagerFactoryBean - Initialized JPA EntityManagerFactory for persistence unit 'default'
2024-06-18 11:44:49 [main] WARN  org.springframework.boot.autoconfigure.orm.jpa.JpaBaseConfiguration$JpaWebConfiguration - spring.jpa.open-in-view is enabled by default. Therefore, database queries may be performed during view rendering. Explicitly configure spring.jpa.open-in-view to disable this warning
2024-06-18 11:44:49 [main] INFO  org.springframework.security.config.annotation.authentication.configuration.InitializeAuthenticationProviderBeanManagerConfigurer$InitializeAuthenticationProviderManagerConfigurer - Global AuthenticationManager configured with AuthenticationProvider bean with name authenticationProvider
2024-06-18 11:44:49 [main] WARN  org.springframework.security.config.annotation.authentication.configuration.InitializeUserDetailsBeanManagerConfigurer$InitializeUserDetailsManagerConfigurer - Global AuthenticationManager configured with an AuthenticationProvider bean. UserDetailsService beans will not be used for username/password login. Consider removing the AuthenticationProvider bean. Alternatively, consider using the UserDetailsService in a manually instantiated DaoAuthenticationProvider.
2024-06-18 11:44:49 [main] INFO  org.springframework.security.web.DefaultSecurityFilterChain - Will secure any request with [org.springframework.security.web.session.DisableEncodeUrlFilter@69374e28, org.springframework.security.web.context.request.async.WebAsyncManagerIntegrationFilter@39c93af6, org.springframework.security.web.context.SecurityContextHolderFilter@1e9d6c78, org.springframework.security.web.header.HeaderWriterFilter@655b9169, org.springframework.web.filter.CorsFilter@3903cfc9, org.springframework.security.web.csrf.CsrfFilter@118f39f3, org.springframework.security.web.authentication.logout.LogoutFilter@6908674b, org.springframework.security.web.authentication.UsernamePasswordAuthenticationFilter@5e8bc83e, org.springframework.security.web.authentication.ui.DefaultLoginPageGeneratingFilter@53fb3e1b, org.springframework.security.web.authentication.ui.DefaultLogoutPageGeneratingFilter@7b1b1784, org.springframework.security.web.savedrequest.RequestCacheAwareFilter@52df6d0f, org.springframework.security.web.servletapi.SecurityContextHolderAwareRequestFilter@5e3a5f0c, org.springframework.security.web.authentication.AnonymousAuthenticationFilter@288e50c1, org.springframework.security.web.access.ExceptionTranslationFilter@3453f79c, org.springframework.security.web.access.intercept.AuthorizationFilter@6dd7af2f]
2024-06-18 11:44:49 [main] INFO  org.springframework.boot.test.mock.web.SpringBootMockServletContext - Initializing Spring TestDispatcherServlet ''
2024-06-18 11:44:49 [main] INFO  org.springframework.test.web.servlet.TestDispatcherServlet - Initializing Servlet ''
2024-06-18 11:44:49 [main] INFO  org.springframework.test.web.servlet.TestDispatcherServlet - Completed initialization in 1 ms
2024-06-18 11:44:49 [main] INFO  dev.nick.itsecprojekt.controller.MyControllerTest - Started MyControllerTest in 2.413 seconds (process running for 2.972)
2024-06-18 11:44:49 [main] ERROR dev.nick.itsecprojekt.controller.MyController - Error while creating new user
2024-06-18 11:44:49 [main] INFO  dev.nick.itsecprojekt.controller.MyController - User deleted successfully
2024-06-18 11:44:49 [main] WARN  dev.nick.itsecprojekt.controller.MyController - User t***t@example.com was deleted from database
2024-06-18 11:44:49 [main] INFO  dev.nick.itsecprojekt.controller.MyController - User deleted successfully
2024-06-18 11:44:49 [main] WARN  dev.nick.itsecprojekt.controller.MyController - User u***r@example.com was deleted from database
2024-06-18 11:44:49 [SpringApplicationShutdownHook] INFO  org.springframework.orm.jpa.LocalContainerEntityManagerFactoryBean - Closing JPA EntityManagerFactory for persistence unit 'default'
2024-06-18 11:44:49 [SpringApplicationShutdownHook] INFO  com.zaxxer.hikari.HikariDataSource - HikariPool-1 - Shutdown initiated...
2024-06-18 11:44:49 [SpringApplicationShutdownHook] INFO  com.zaxxer.hikari.HikariDataSource - HikariPool-1 - Shutdown completed.
2024-06-18 13:44:37 [background-preinit] INFO  org.hibernate.validator.internal.util.Version - HV000001: Hibernate Validator 8.0.1.Final
2024-06-18 13:44:37 [main] INFO  dev.nick.itsecprojekt.ItsecprojektApplication - Starting ItsecprojektApplication using Java 22.0.1 with PID 15705 (/Users/admin/itsecprojekt/target/classes started by admin in /Users/admin/itsecprojekt)
2024-06-18 13:44:37 [main] INFO  dev.nick.itsecprojekt.ItsecprojektApplication - No active profile set, falling back to 1 default profile: "default"
2024-06-18 13:44:38 [main] INFO  org.springframework.data.repository.config.RepositoryConfigurationDelegate - Bootstrapping Spring Data JPA repositories in DEFAULT mode.
2024-06-18 13:44:38 [main] INFO  org.springframework.data.repository.config.RepositoryConfigurationDelegate - Finished Spring Data repository scanning in 18 ms. Found 1 JPA repository interface.
2024-06-18 13:44:38 [main] INFO  org.springframework.boot.web.embedded.tomcat.TomcatWebServer - Tomcat initialized with port 8080 (http)
2024-06-18 13:44:38 [main] INFO  org.apache.coyote.http11.Http11NioProtocol - Initializing ProtocolHandler ["http-nio-8080"]
2024-06-18 13:44:38 [main] INFO  org.apache.catalina.core.StandardService - Starting service [Tomcat]
2024-06-18 13:44:38 [main] INFO  org.apache.catalina.core.StandardEngine - Starting Servlet engine: [Apache Tomcat/10.1.24]
2024-06-18 13:44:38 [main] INFO  org.apache.catalina.core.ContainerBase.[Tomcat].[localhost].[/] - Initializing Spring embedded WebApplicationContext
2024-06-18 13:44:38 [main] INFO  org.springframework.boot.web.servlet.context.ServletWebServerApplicationContext - Root WebApplicationContext: initialization completed in 549 ms
2024-06-18 13:44:38 [main] INFO  com.zaxxer.hikari.HikariDataSource - HikariPool-1 - Starting...
2024-06-18 13:44:38 [main] INFO  com.zaxxer.hikari.pool.HikariPool - HikariPool-1 - Added connection conn0: url=jdbc:h2:mem:bab033c0-90f4-4121-a79a-57f876cb4451 user=SA
2024-06-18 13:44:38 [main] INFO  com.zaxxer.hikari.HikariDataSource - HikariPool-1 - Start completed.
2024-06-18 13:44:38 [main] INFO  org.hibernate.jpa.internal.util.LogHelper - HHH000204: Processing PersistenceUnitInfo [name: default]
2024-06-18 13:44:38 [main] INFO  org.hibernate.Version - HHH000412: Hibernate ORM core version 6.5.2.Final
2024-06-18 13:44:38 [main] INFO  org.hibernate.cache.internal.RegionFactoryInitiator - HHH000026: Second-level cache disabled
2024-06-18 13:44:38 [main] INFO  org.springframework.orm.jpa.persistenceunit.SpringPersistenceUnitInfo - No LoadTimeWeaver setup: ignoring JPA class transformer
2024-06-18 13:44:39 [main] INFO  org.hibernate.engine.transaction.jta.platform.internal.JtaPlatformInitiator - HHH000489: No JTA platform available (set 'hibernate.transaction.jta.platform' to enable JTA platform integration)
2024-06-18 13:44:39 [main] INFO  org.springframework.orm.jpa.LocalContainerEntityManagerFactoryBean - Initialized JPA EntityManagerFactory for persistence unit 'default'
2024-06-18 13:44:39 [main] WARN  org.springframework.boot.autoconfigure.orm.jpa.JpaBaseConfiguration$JpaWebConfiguration - spring.jpa.open-in-view is enabled by default. Therefore, database queries may be performed during view rendering. Explicitly configure spring.jpa.open-in-view to disable this warning
2024-06-18 13:44:39 [main] INFO  org.springframework.security.config.annotation.authentication.configuration.InitializeAuthenticationProviderBeanManagerConfigurer$InitializeAuthenticationProviderManagerConfigurer - Global AuthenticationManager configured with AuthenticationProvider bean with name authenticationProvider
2024-06-18 13:44:39 [main] WARN  org.springframework.security.config.annotation.authentication.configuration.InitializeUserDetailsBeanManagerConfigurer$InitializeUserDetailsManagerConfigurer - Global AuthenticationManager configured with an AuthenticationProvider bean. UserDetailsService beans will not be used for username/password login. Consider removing the AuthenticationProvider bean. Alternatively, consider using the UserDetailsService in a manually instantiated DaoAuthenticationProvider.
2024-06-18 13:44:39 [main] INFO  org.springframework.security.web.DefaultSecurityFilterChain - Will secure any request with [org.springframework.security.web.session.DisableEncodeUrlFilter@74f9004c, org.springframework.security.web.context.request.async.WebAsyncManagerIntegrationFilter@4f2a0909, org.springframework.security.web.context.SecurityContextHolderFilter@14927cd4, org.springframework.security.web.header.HeaderWriterFilter@66450129, org.springframework.web.filter.CorsFilter@34947355, org.springframework.security.web.csrf.CsrfFilter@1b18fa79, org.springframework.security.web.authentication.logout.LogoutFilter@282079b9, org.springframework.security.web.authentication.UsernamePasswordAuthenticationFilter@55b5ce0f, org.springframework.security.web.authentication.ui.DefaultLoginPageGeneratingFilter@4a5eb613, org.springframework.security.web.authentication.ui.DefaultLogoutPageGeneratingFilter@62ad5f35, org.springframework.security.web.savedrequest.RequestCacheAwareFilter@445d878c, org.springframework.security.web.servletapi.SecurityContextHolderAwareRequestFilter@119f035f, org.springframework.security.web.authentication.AnonymousAuthenticationFilter@5e6ad84c, org.springframework.security.web.access.ExceptionTranslationFilter@67fda9fb, org.springframework.security.web.access.intercept.AuthorizationFilter@11d557a5]
2024-06-18 13:44:39 [main] INFO  org.apache.coyote.http11.Http11NioProtocol - Starting ProtocolHandler ["http-nio-8080"]
2024-06-18 13:44:39 [main] INFO  org.springframework.boot.web.embedded.tomcat.TomcatWebServer - Tomcat started on port 8080 (http) with context path '/'
2024-06-18 13:44:39 [main] INFO  dev.nick.itsecprojekt.ItsecprojektApplication - Started ItsecprojektApplication in 2.099 seconds (process running for 2.473)
2024-06-18 13:44:43 [http-nio-8080-exec-1] INFO  org.apache.catalina.core.ContainerBase.[Tomcat].[localhost].[/] - Initializing Spring DispatcherServlet 'dispatcherServlet'
2024-06-18 13:44:43 [http-nio-8080-exec-1] INFO  org.springframework.web.servlet.DispatcherServlet - Initializing Servlet 'dispatcherServlet'
2024-06-18 13:44:43 [http-nio-8080-exec-1] INFO  org.springframework.web.servlet.DispatcherServlet - Completed initialization in 0 ms
2024-06-18 13:49:04 [SpringApplicationShutdownHook] INFO  org.springframework.orm.jpa.LocalContainerEntityManagerFactoryBean - Closing JPA EntityManagerFactory for persistence unit 'default'
2024-06-18 13:49:04 [SpringApplicationShutdownHook] INFO  com.zaxxer.hikari.HikariDataSource - HikariPool-1 - Shutdown initiated...
2024-06-18 13:49:04 [SpringApplicationShutdownHook] INFO  com.zaxxer.hikari.HikariDataSource - HikariPool-1 - Shutdown completed.
2024-06-18 13:49:13 [background-preinit] INFO  org.hibernate.validator.internal.util.Version - HV000001: Hibernate Validator 8.0.1.Final
2024-06-18 13:49:13 [main] INFO  dev.nick.itsecprojekt.ItsecprojektApplication - Starting ItsecprojektApplication using Java 22.0.1 with PID 15762 (/Users/admin/itsecprojekt/target/classes started by admin in /Users/admin/itsecprojekt)
2024-06-18 13:49:13 [main] INFO  dev.nick.itsecprojekt.ItsecprojektApplication - No active profile set, falling back to 1 default profile: "default"
2024-06-18 13:49:13 [main] INFO  org.springframework.data.repository.config.RepositoryConfigurationDelegate - Bootstrapping Spring Data JPA repositories in DEFAULT mode.
2024-06-18 13:49:13 [main] INFO  org.springframework.data.repository.config.RepositoryConfigurationDelegate - Finished Spring Data repository scanning in 18 ms. Found 1 JPA repository interface.
2024-06-18 13:49:13 [main] INFO  org.springframework.boot.web.embedded.tomcat.TomcatWebServer - Tomcat initialized with port 8080 (http)
2024-06-18 13:49:13 [main] INFO  org.apache.coyote.http11.Http11NioProtocol - Initializing ProtocolHandler ["http-nio-8080"]
2024-06-18 13:49:13 [main] INFO  org.apache.catalina.core.StandardService - Starting service [Tomcat]
2024-06-18 13:49:13 [main] INFO  org.apache.catalina.core.StandardEngine - Starting Servlet engine: [Apache Tomcat/10.1.24]
2024-06-18 13:49:13 [main] INFO  org.apache.catalina.core.ContainerBase.[Tomcat].[localhost].[/] - Initializing Spring embedded WebApplicationContext
2024-06-18 13:49:13 [main] INFO  org.springframework.boot.web.servlet.context.ServletWebServerApplicationContext - Root WebApplicationContext: initialization completed in 559 ms
2024-06-18 13:49:13 [main] INFO  com.zaxxer.hikari.HikariDataSource - HikariPool-1 - Starting...
2024-06-18 13:49:13 [main] INFO  com.zaxxer.hikari.pool.HikariPool - HikariPool-1 - Added connection conn0: url=jdbc:h2:mem:098cb5aa-e4bb-41b4-9670-26c7493dff13 user=SA
2024-06-18 13:49:13 [main] INFO  com.zaxxer.hikari.HikariDataSource - HikariPool-1 - Start completed.
2024-06-18 13:49:14 [main] INFO  org.hibernate.jpa.internal.util.LogHelper - HHH000204: Processing PersistenceUnitInfo [name: default]
2024-06-18 13:49:14 [main] INFO  org.hibernate.Version - HHH000412: Hibernate ORM core version 6.5.2.Final
2024-06-18 13:49:14 [main] INFO  org.hibernate.cache.internal.RegionFactoryInitiator - HHH000026: Second-level cache disabled
2024-06-18 13:49:14 [main] INFO  org.springframework.orm.jpa.persistenceunit.SpringPersistenceUnitInfo - No LoadTimeWeaver setup: ignoring JPA class transformer
2024-06-18 13:49:14 [main] INFO  org.hibernate.engine.transaction.jta.platform.internal.JtaPlatformInitiator - HHH000489: No JTA platform available (set 'hibernate.transaction.jta.platform' to enable JTA platform integration)
2024-06-18 13:49:14 [main] INFO  org.springframework.orm.jpa.LocalContainerEntityManagerFactoryBean - Initialized JPA EntityManagerFactory for persistence unit 'default'
2024-06-18 13:49:14 [main] WARN  org.springframework.boot.autoconfigure.orm.jpa.JpaBaseConfiguration$JpaWebConfiguration - spring.jpa.open-in-view is enabled by default. Therefore, database queries may be performed during view rendering. Explicitly configure spring.jpa.open-in-view to disable this warning
2024-06-18 13:49:15 [main] INFO  org.springframework.security.config.annotation.authentication.configuration.InitializeAuthenticationProviderBeanManagerConfigurer$InitializeAuthenticationProviderManagerConfigurer - Global AuthenticationManager configured with AuthenticationProvider bean with name authenticationProvider
2024-06-18 13:49:15 [main] WARN  org.springframework.security.config.annotation.authentication.configuration.InitializeUserDetailsBeanManagerConfigurer$InitializeUserDetailsManagerConfigurer - Global AuthenticationManager configured with an AuthenticationProvider bean. UserDetailsService beans will not be used for username/password login. Consider removing the AuthenticationProvider bean. Alternatively, consider using the UserDetailsService in a manually instantiated DaoAuthenticationProvider.
2024-06-18 13:49:15 [main] INFO  org.springframework.security.web.DefaultSecurityFilterChain - Will secure any request with [org.springframework.security.web.session.DisableEncodeUrlFilter@e9947af, org.springframework.security.web.context.request.async.WebAsyncManagerIntegrationFilter@d60aa4, org.springframework.security.web.context.SecurityContextHolderFilter@a3f1f32, org.springframework.security.web.header.HeaderWriterFilter@10efb806, org.springframework.web.filter.CorsFilter@30942f54, org.springframework.security.web.csrf.CsrfFilter@7d5176d6, org.springframework.security.web.authentication.logout.LogoutFilter@16422f27, org.springframework.security.web.authentication.UsernamePasswordAuthenticationFilter@490f2fad, org.springframework.security.web.authentication.ui.DefaultLoginPageGeneratingFilter@16eca98a, org.springframework.security.web.authentication.ui.DefaultLogoutPageGeneratingFilter@11d557a5, org.springframework.security.web.savedrequest.RequestCacheAwareFilter@580a5b6e, org.springframework.security.web.servletapi.SecurityContextHolderAwareRequestFilter@14f1545c, org.springframework.security.web.authentication.AnonymousAuthenticationFilter@55b5ce0f, org.springframework.security.web.access.ExceptionTranslationFilter@128ebca1, org.springframework.security.web.access.intercept.AuthorizationFilter@57eb2555]
2024-06-18 13:49:15 [main] INFO  org.apache.coyote.http11.Http11NioProtocol - Starting ProtocolHandler ["http-nio-8080"]
2024-06-18 13:49:15 [main] INFO  org.springframework.boot.web.embedded.tomcat.TomcatWebServer - Tomcat started on port 8080 (http) with context path '/'
2024-06-18 13:49:15 [main] INFO  dev.nick.itsecprojekt.ItsecprojektApplication - Started ItsecprojektApplication in 2.12 seconds (process running for 2.446)
2024-06-18 13:49:27 [http-nio-8080-exec-1] INFO  org.apache.catalina.core.ContainerBase.[Tomcat].[localhost].[/] - Initializing Spring DispatcherServlet 'dispatcherServlet'
2024-06-18 13:49:27 [http-nio-8080-exec-1] INFO  org.springframework.web.servlet.DispatcherServlet - Initializing Servlet 'dispatcherServlet'
2024-06-18 13:49:27 [http-nio-8080-exec-1] INFO  org.springframework.web.servlet.DispatcherServlet - Completed initialization in 1 ms
2024-06-18 13:50:31 [http-nio-8080-exec-9] WARN  dev.nick.itsecprojekt.controller.MyController - User n***k@gmail.com was created
2024-06-18 13:50:58 [http-nio-8080-exec-2] ERROR dev.nick.itsecprojekt.controller.MyController - Error updating user
2024-06-18 13:51:05 [http-nio-8080-exec-3] WARN  dev.nick.itsecprojekt.controller.MyController - User n***k@gmail.com was updated
